Analysis & Synthesis report for AES
Fri Nov 22 13:23:11 2019
Quartus II 64-Bit Version 13.0.0 Build 156 04/24/2013 SJ Web Edition


---------------------
; Table of Contents ;
---------------------
  1. Legal Notice
  2. Analysis & Synthesis Summary
  3. Analysis & Synthesis Settings
  4. Parallel Compilation
  5. Analysis & Synthesis Source Files Read
  6. Analysis & Synthesis Resource Usage Summary
  7. Analysis & Synthesis Resource Utilization by Entity
  8. State Machine - |AES|PC:Controle|state
  9. Registers Removed During Synthesis
 10. General Register Statistics
 11. Multiplexer Restructuring Statistics (Restructuring Performed)
 12. State Machine Encoding - |AES|PC:Controle|state
 13. Parameter Settings for User Entity Instance: PO:Operativa
 14. Parameter Settings for User Entity Instance: PO:Operativa|AddRoundKey:Add_initial
 15. Parameter Settings for User Entity Instance: PO:Operativa|Regs_8b:Regs_input
 16. Parameter Settings for User Entity Instance: PO:Operativa|Regs_32b:Regs_columns
 17. Parameter Settings for User Entity Instance: PO:Operativa|Block_muxes_reg:Bloco_mux_reg
 18. Parameter Settings for User Entity Instance: PO:Operativa|AddRoundKey:Add
 19. Port Connectivity Checks: "PC:Controle"
 20. Elapsed Time Per Partition
 21. Analysis & Synthesis Messages



----------------
; Legal Notice ;
----------------
Copyright (C) 1991-2013 Altera Corporation
Your use of Altera Corporation's design tools, logic functions 
and other software and tools, and its AMPP partner logic 
functions, and any output files from any of the foregoing 
(including device programming or simulation files), and any 
associated documentation or information are expressly subject 
to the terms and conditions of the Altera Program License 
Subscription Agreement, Altera MegaCore Function License 
Agreement, or other applicable license agreement, including, 
without limitation, that your use is for the sole purpose of 
programming logic devices manufactured by Altera and sold by 
Altera or its authorized distributors.  Please refer to the 
applicable agreement for further details.



+---------------------------------------------------------------------------------+
; Analysis & Synthesis Summary                                                    ;
+------------------------------------+--------------------------------------------+
; Analysis & Synthesis Status        ; Successful - Fri Nov 22 13:23:11 2019      ;
; Quartus II 64-Bit Version          ; 13.0.0 Build 156 04/24/2013 SJ Web Edition ;
; Revision Name                      ; AES                                        ;
; Top-level Entity Name              ; AES                                        ;
; Family                             ; Cyclone III                                ;
; Total logic elements               ; N/A until Partition Merge                  ;
;     Total combinational functions  ; N/A until Partition Merge                  ;
;     Dedicated logic registers      ; N/A until Partition Merge                  ;
; Total registers                    ; N/A until Partition Merge                  ;
; Total pins                         ; N/A until Partition Merge                  ;
; Total virtual pins                 ; N/A until Partition Merge                  ;
; Total memory bits                  ; N/A until Partition Merge                  ;
; Embedded Multiplier 9-bit elements ; N/A until Partition Merge                  ;
; Total PLLs                         ; N/A until Partition Merge                  ;
+------------------------------------+--------------------------------------------+


+----------------------------------------------------------------------------------------------------------------------+
; Analysis & Synthesis Settings                                                                                        ;
+----------------------------------------------------------------------------+--------------------+--------------------+
; Option                                                                     ; Setting            ; Default Value      ;
+----------------------------------------------------------------------------+--------------------+--------------------+
; Device                                                                     ; EP3C40F780I7       ;                    ;
; Top-level entity name                                                      ; AES                ; AES                ;
; Family name                                                                ; Cyclone III        ; Cyclone IV GX      ;
; Use smart compilation                                                      ; Off                ; Off                ;
; Enable parallel Assembler and TimeQuest Timing Analyzer during compilation ; On                 ; On                 ;
; Enable compact report table                                                ; Off                ; Off                ;
; Restructure Multiplexers                                                   ; Auto               ; Auto               ;
; Create Debugging Nodes for IP Cores                                        ; Off                ; Off                ;
; Preserve fewer node names                                                  ; On                 ; On                 ;
; Disable OpenCore Plus hardware evaluation                                  ; Off                ; Off                ;
; Verilog Version                                                            ; Verilog_2001       ; Verilog_2001       ;
; VHDL Version                                                               ; VHDL_1993          ; VHDL_1993          ;
; State Machine Processing                                                   ; Auto               ; Auto               ;
; Safe State Machine                                                         ; Off                ; Off                ;
; Extract Verilog State Machines                                             ; On                 ; On                 ;
; Extract VHDL State Machines                                                ; On                 ; On                 ;
; Ignore Verilog initial constructs                                          ; Off                ; Off                ;
; Iteration limit for constant Verilog loops                                 ; 5000               ; 5000               ;
; Iteration limit for non-constant Verilog loops                             ; 250                ; 250                ;
; Add Pass-Through Logic to Inferred RAMs                                    ; On                 ; On                 ;
; Infer RAMs from Raw Logic                                                  ; On                 ; On                 ;
; Parallel Synthesis                                                         ; On                 ; On                 ;
; DSP Block Balancing                                                        ; Auto               ; Auto               ;
; NOT Gate Push-Back                                                         ; On                 ; On                 ;
; Power-Up Don't Care                                                        ; On                 ; On                 ;
; Remove Redundant Logic Cells                                               ; Off                ; Off                ;
; Remove Duplicate Registers                                                 ; On                 ; On                 ;
; Ignore CARRY Buffers                                                       ; Off                ; Off                ;
; Ignore CASCADE Buffers                                                     ; Off                ; Off                ;
; Ignore GLOBAL Buffers                                                      ; Off                ; Off                ;
; Ignore ROW GLOBAL Buffers                                                  ; Off                ; Off                ;
; Ignore LCELL Buffers                                                       ; Off                ; Off                ;
; Ignore SOFT Buffers                                                        ; On                 ; On                 ;
; Limit AHDL Integers to 32 Bits                                             ; Off                ; Off                ;
; Optimization Technique                                                     ; Balanced           ; Balanced           ;
; Carry Chain Length                                                         ; 70                 ; 70                 ;
; Auto Carry Chains                                                          ; On                 ; On                 ;
; Auto Open-Drain Pins                                                       ; On                 ; On                 ;
; Perform WYSIWYG Primitive Resynthesis                                      ; Off                ; Off                ;
; Auto ROM Replacement                                                       ; On                 ; On                 ;
; Auto RAM Replacement                                                       ; On                 ; On                 ;
; Auto DSP Block Replacement                                                 ; On                 ; On                 ;
; Auto Shift Register Replacement                                            ; Auto               ; Auto               ;
; Allow Shift Register Merging across Hierarchies                            ; Auto               ; Auto               ;
; Auto Clock Enable Replacement                                              ; On                 ; On                 ;
; Strict RAM Replacement                                                     ; Off                ; Off                ;
; Allow Synchronous Control Signals                                          ; On                 ; On                 ;
; Force Use of Synchronous Clear Signals                                     ; Off                ; Off                ;
; Auto RAM Block Balancing                                                   ; On                 ; On                 ;
; Auto RAM to Logic Cell Conversion                                          ; Off                ; Off                ;
; Auto Resource Sharing                                                      ; Off                ; Off                ;
; Allow Any RAM Size For Recognition                                         ; Off                ; Off                ;
; Allow Any ROM Size For Recognition                                         ; Off                ; Off                ;
; Allow Any Shift Register Size For Recognition                              ; Off                ; Off                ;
; Use LogicLock Constraints during Resource Balancing                        ; On                 ; On                 ;
; Ignore translate_off and synthesis_off directives                          ; Off                ; Off                ;
; Timing-Driven Synthesis                                                    ; On                 ; On                 ;
; Report Parameter Settings                                                  ; On                 ; On                 ;
; Report Source Assignments                                                  ; On                 ; On                 ;
; Report Connectivity Checks                                                 ; On                 ; On                 ;
; Ignore Maximum Fan-Out Assignments                                         ; Off                ; Off                ;
; Synchronization Register Chain Length                                      ; 2                  ; 2                  ;
; PowerPlay Power Optimization                                               ; Normal compilation ; Normal compilation ;
; HDL message level                                                          ; Level2             ; Level2             ;
; Suppress Register Optimization Related Messages                            ; Off                ; Off                ;
; Number of Removed Registers Reported in Synthesis Report                   ; 5000               ; 5000               ;
; Number of Swept Nodes Reported in Synthesis Report                         ; 5000               ; 5000               ;
; Number of Inverted Registers Reported in Synthesis Report                  ; 100                ; 100                ;
; Clock MUX Protection                                                       ; On                 ; On                 ;
; Auto Gated Clock Conversion                                                ; Off                ; Off                ;
; Block Design Naming                                                        ; Auto               ; Auto               ;
; SDC constraint protection                                                  ; Off                ; Off                ;
; Synthesis Effort                                                           ; Auto               ; Auto               ;
; Shift Register Replacement - Allow Asynchronous Clear Signal               ; On                 ; On                 ;
; Pre-Mapping Resynthesis Optimization                                       ; Off                ; Off                ;
; Analysis & Synthesis Message Level                                         ; Medium             ; Medium             ;
; Disable Register Merging Across Hierarchies                                ; Auto               ; Auto               ;
; Resource Aware Inference For Block RAM                                     ; On                 ; On                 ;
; Synthesis Seed                                                             ; 1                  ; 1                  ;
+----------------------------------------------------------------------------+--------------------+--------------------+


Parallel compilation was disabled, but you have multiple processors available. Enable parallel compilation to reduce compilation time.
+-------------------------------------+
; Parallel Compilation                ;
+----------------------------+--------+
; Processors                 ; Number ;
+----------------------------+--------+
; Number detected on machine ; 8      ;
; Maximum allowed            ; 1      ;
+----------------------------+--------+


+-------------------------------------------------------------------------------------------------------------------------+
; Analysis & Synthesis Source Files Read                                                                                  ;
+----------------------------------+-----------------+-----------------+----------------------------------------+---------+
; File Name with User-Entered Path ; Used in Netlist ; File Type       ; File Name with Absolute Path           ; Library ;
+----------------------------------+-----------------+-----------------+----------------------------------------+---------+
; AES.vhd                          ; yes             ; User VHDL File  ; C:/Designs/AES-128/AES.vhd             ;         ;
; AddRoundKey.vhd                  ; yes             ; User VHDL File  ; C:/Designs/AES-128/AddRoundKey.vhd     ;         ;
; SBox.vhd                         ; yes             ; User VHDL File  ; C:/Designs/AES-128/SBox.vhd            ;         ;
; PC.vhd                           ; yes             ; User VHDL File  ; C:/Designs/AES-128/PC.vhd              ;         ;
; PO.vhd                           ; yes             ; User VHDL File  ; C:/Designs/AES-128/PO.vhd              ;         ;
; Regs_8b.vhd                      ; yes             ; User VHDL File  ; C:/Designs/AES-128/Regs_8b.vhd         ;         ;
; Regs_32b.vhd                     ; yes             ; User VHDL File  ; C:/Designs/AES-128/Regs_32b.vhd        ;         ;
; Block_muxes_reg.vhd              ; yes             ; User VHDL File  ; C:/Designs/AES-128/Block_muxes_reg.vhd ;         ;
; contadorRodadas.vhd              ; yes             ; User VHDL File  ; C:/Designs/AES-128/contadorRodadas.vhd ;         ;
; MixColumns2.vhd                  ; yes             ; User VHDL File  ; C:/Designs/AES-128/MixColumns2.vhd     ;         ;
; geradorKey.vhd                   ; yes             ; User VHDL File  ; C:/Designs/AES-128/geradorKey.vhd      ;         ;
; Rcom.vhd                         ; yes             ; User VHDL File  ; C:/Designs/AES-128/Rcom.vhd            ;         ;
; Sbox_key.vhd                     ; yes             ; User VHDL File  ; C:/Designs/AES-128/Sbox_key.vhd        ;         ;
; Mux2_1.vhd                       ; yes             ; User VHDL File  ; C:/Designs/AES-128/Mux2_1.vhd          ;         ;
+----------------------------------+-----------------+-----------------+----------------------------------------+---------+


+---------------------------------------------------------+
; Analysis & Synthesis Resource Usage Summary             ;
+---------------------------------------------+-----------+
; Resource                                    ; Usage     ;
+---------------------------------------------+-----------+
; Estimated Total logic elements              ; 5,301     ;
;                                             ;           ;
; Total combinational functions               ; 5170      ;
; Logic element usage by number of LUT inputs ;           ;
;     -- 4 input functions                    ; 4479      ;
;     -- 3 input functions                    ; 398       ;
;     -- <=2 input functions                  ; 293       ;
;                                             ;           ;
; Logic elements by mode                      ;           ;
;     -- normal mode                          ; 5170      ;
;     -- arithmetic mode                      ; 0         ;
;                                             ;           ;
; Total registers                             ; 521       ;
;     -- Dedicated logic registers            ; 521       ;
;     -- I/O registers                        ; 0         ;
;                                             ;           ;
; I/O pins                                    ; 0         ;
; Embedded Multiplier 9-bit elements          ; 0         ;
; Maximum fan-out node                        ; reset_top ;
; Maximum fan-out                             ; 522       ;
; Total fan-out                               ; 22413     ;
; Average fan-out                             ; 3.69      ;
+---------------------------------------------+-----------+


+-------------------------------------------------------------------------------------------------------------------------------------------------------------------------------------------------------------------------------+
; Analysis & Synthesis Resource Utilization by Entity                                                                                                                                                                           ;
+---------------------------------------+-------------------+--------------+-------------+--------------+---------+-----------+------+--------------+------------------------------------------------------------+--------------+
; Compilation Hierarchy Node            ; LC Combinationals ; LC Registers ; Memory Bits ; DSP Elements ; DSP 9x9 ; DSP 18x18 ; Pins ; Virtual Pins ; Full Hierarchy Name                                        ; Library Name ;
+---------------------------------------+-------------------+--------------+-------------+--------------+---------+-----------+------+--------------+------------------------------------------------------------+--------------+
; |AES                                  ; 5170 (0)          ; 521 (0)      ; 0           ; 0            ; 0       ; 0         ; 0    ; 0            ; |AES                                                       ;              ;
;    |PC:Controle|                      ; 5 (5)             ; 5 (5)        ; 0           ; 0            ; 0       ; 0         ; 0    ; 0            ; |AES|PC:Controle                                           ; work         ;
;    |PO:Operativa|                     ; 5160 (0)          ; 512 (0)      ; 0           ; 0            ; 0       ; 0         ; 0    ; 0            ; |AES|PO:Operativa                                          ; work         ;
;       |AddRoundKey:Add_initial|       ; 128 (128)         ; 0 (0)        ; 0           ; 0            ; 0       ; 0         ; 0    ; 0            ; |AES|PO:Operativa|AddRoundKey:Add_initial                  ; work         ;
;       |AddRoundKey:Add|               ; 128 (128)         ; 0 (0)        ; 0           ; 0            ; 0       ; 0         ; 0    ; 0            ; |AES|PO:Operativa|AddRoundKey:Add                          ; work         ;
;       |Block_muxes_reg:Bloco_mux_reg| ; 0 (0)             ; 128 (128)    ; 0           ; 0            ; 0       ; 0         ; 0    ; 0            ; |AES|PO:Operativa|Block_muxes_reg:Bloco_mux_reg            ; work         ;
;       |MixColumns2:Mix_columns|       ; 216 (216)         ; 0 (0)        ; 0           ; 0            ; 0       ; 0         ; 0    ; 0            ; |AES|PO:Operativa|MixColumns2:Mix_columns                  ; work         ;
;       |Mux2_1:Mux2p1|                 ; 43 (43)           ; 0 (0)        ; 0           ; 0            ; 0       ; 0         ; 0    ; 0            ; |AES|PO:Operativa|Mux2_1:Mux2p1                            ; work         ;
;       |Regs_32b:Regs_columns|         ; 0 (0)             ; 128 (128)    ; 0           ; 0            ; 0       ; 0         ; 0    ; 0            ; |AES|PO:Operativa|Regs_32b:Regs_columns                    ; work         ;
;       |Regs_8b:Regs_input|            ; 128 (128)         ; 128 (128)    ; 0           ; 0            ; 0       ; 0         ; 0    ; 0            ; |AES|PO:Operativa|Regs_8b:Regs_input                       ; work         ;
;       |SBox:S_Box|                    ; 3328 (3328)       ; 0 (0)        ; 0           ; 0            ; 0       ; 0         ; 0    ; 0            ; |AES|PO:Operativa|SBox:S_Box                               ; work         ;
;       |geradorKey:Gerador_Key|        ; 1189 (131)        ; 128 (128)    ; 0           ; 0            ; 0       ; 0         ; 0    ; 0            ; |AES|PO:Operativa|geradorKey:Gerador_Key                   ; work         ;
;          |Rcom:z1|                    ; 8 (8)             ; 0 (0)        ; 0           ; 0            ; 0       ; 0         ; 0    ; 0            ; |AES|PO:Operativa|geradorKey:Gerador_Key|Rcom:z1           ; work         ;
;          |SBox_key:sbox_top|          ; 1050 (1050)       ; 0 (0)        ; 0           ; 0            ; 0       ; 0         ; 0    ; 0            ; |AES|PO:Operativa|geradorKey:Gerador_Key|SBox_key:sbox_top ; work         ;
;    |contadorRodadas:Contador|         ; 5 (5)             ; 4 (4)        ; 0           ; 0            ; 0       ; 0         ; 0    ; 0            ; |AES|contadorRodadas:Contador                              ; work         ;
+---------------------------------------+-------------------+--------------+-------------+--------------+---------+-----------+------+--------------+------------------------------------------------------------+--------------+
Note: For table entries with two numbers listed, the numbers in parentheses indicate the number of resources of the given type used by the specific entity alone. The numbers listed outside of parentheses indicate the total resources of the given type used by the specific entity and all of its sub-entities in the hierarchy.


Encoding Type:  One-Hot
+----------------------------------------------------------------------------+
; State Machine - |AES|PC:Controle|state                                     ;
+----------+----------+----------+----------+----------+----------+----------+
; Name     ; state.s5 ; state.s4 ; state.s3 ; state.s2 ; state.s1 ; state.s0 ;
+----------+----------+----------+----------+----------+----------+----------+
; state.s0 ; 0        ; 0        ; 0        ; 0        ; 0        ; 0        ;
; state.s1 ; 0        ; 0        ; 0        ; 0        ; 1        ; 1        ;
; state.s2 ; 0        ; 0        ; 0        ; 1        ; 0        ; 1        ;
; state.s3 ; 0        ; 0        ; 1        ; 0        ; 0        ; 1        ;
; state.s4 ; 0        ; 1        ; 0        ; 0        ; 0        ; 1        ;
; state.s5 ; 1        ; 0        ; 0        ; 0        ; 0        ; 1        ;
+----------+----------+----------+----------+----------+----------+----------+


+------------------------------------------------------------+
; Registers Removed During Synthesis                         ;
+---------------------------------------+--------------------+
; Register name                         ; Reason for Removal ;
+---------------------------------------+--------------------+
; PC:Controle|state.s5                  ; Lost fanout        ;
; Total Number of Removed Registers = 1 ;                    ;
+---------------------------------------+--------------------+


+------------------------------------------------------+
; General Register Statistics                          ;
+----------------------------------------------+-------+
; Statistic                                    ; Value ;
+----------------------------------------------+-------+
; Total registers                              ; 521   ;
; Number of registers using Synchronous Clear  ; 3     ;
; Number of registers using Synchronous Load   ; 256   ;
; Number of registers using Asynchronous Clear ; 517   ;
; Number of registers using Asynchronous Load  ; 0     ;
; Number of registers using Clock Enable       ; 516   ;
; Number of registers using Preset             ; 0     ;
+----------------------------------------------+-------+


+--------------------------------------------------------------------------------------------------------------------------------------------------------------------+
; Multiplexer Restructuring Statistics (Restructuring Performed)                                                                                                     ;
+--------------------+-----------+---------------+----------------------+------------------------+------------+------------------------------------------------------+
; Multiplexer Inputs ; Bus Width ; Baseline Area ; Area if Restructured ; Saving if Restructured ; Registered ; Example Multiplexer Output                           ;
+--------------------+-----------+---------------+----------------------+------------------------+------------+------------------------------------------------------+
; 3:1                ; 4 bits    ; 8 LEs         ; 4 LEs                ; 4 LEs                  ; Yes        ; |AES|contadorRodadas:Contador|cnt[0]                 ;
; 3:1                ; 128 bits  ; 256 LEs       ; 256 LEs              ; 0 LEs                  ; Yes        ; |AES|PO:Operativa|Regs_8b:Regs_input|output_reg_7[1] ;
+--------------------+-----------+---------------+----------------------+------------------------+------------+------------------------------------------------------+


+----------------------------------------------------------------------------+
; State Machine Encoding - |AES|PC:Controle|state                            ;
+----------+----------+----------+----------+----------+----------+----------+
; Name     ; state.s5 ; state.s4 ; state.s3 ; state.s2 ; state.s1 ; state.s0 ;
+----------+----------+----------+----------+----------+----------+----------+
; state.s0 ; 0        ; 0        ; 0        ; 0        ; 0        ; 0        ;
; state.s1 ; 0        ; 0        ; 0        ; 0        ; 1        ; 1        ;
; state.s2 ; 0        ; 0        ; 0        ; 1        ; 0        ; 1        ;
; state.s3 ; 0        ; 0        ; 1        ; 0        ; 0        ; 1        ;
; state.s4 ; 0        ; 1        ; 0        ; 0        ; 0        ; 1        ;
; state.s5 ; 1        ; 0        ; 0        ; 0        ; 0        ; 1        ;
+----------+----------+----------+----------+----------+----------+----------+


+-----------------------------------------------------------+
; Parameter Settings for User Entity Instance: PO:Operativa ;
+--------------------+-------+------------------------------+
; Parameter Name     ; Value ; Type                         ;
+--------------------+-------+------------------------------+
; byte_data_width    ; 8     ; Signed Integer               ;
; column_data_width  ; 32    ; Signed Integer               ;
; general_data_width ; 128   ; Signed Integer               ;
+--------------------+-------+------------------------------+
Note: In order to hide this table in the UI and the text report file, please set the "Show Parameter Settings in Synthesis Report" option in "Analysis and Synthesis Settings -> More Settings" to "Off".


+-----------------------------------------------------------------------------------+
; Parameter Settings for User Entity Instance: PO:Operativa|AddRoundKey:Add_initial ;
+----------------+-------+----------------------------------------------------------+
; Parameter Name ; Value ; Type                                                     ;
+----------------+-------+----------------------------------------------------------+
; data_width     ; 32    ; Signed Integer                                           ;
+----------------+-------+----------------------------------------------------------+
Note: In order to hide this table in the UI and the text report file, please set the "Show Parameter Settings in Synthesis Report" option in "Analysis and Synthesis Settings -> More Settings" to "Off".


+------------------------------------------------------------------------------+
; Parameter Settings for User Entity Instance: PO:Operativa|Regs_8b:Regs_input ;
+----------------+-------+-----------------------------------------------------+
; Parameter Name ; Value ; Type                                                ;
+----------------+-------+-----------------------------------------------------+
; data_width     ; 8     ; Signed Integer                                      ;
+----------------+-------+-----------------------------------------------------+
Note: In order to hide this table in the UI and the text report file, please set the "Show Parameter Settings in Synthesis Report" option in "Analysis and Synthesis Settings -> More Settings" to "Off".


+---------------------------------------------------------------------------------+
; Parameter Settings for User Entity Instance: PO:Operativa|Regs_32b:Regs_columns ;
+----------------+-------+--------------------------------------------------------+
; Parameter Name ; Value ; Type                                                   ;
+----------------+-------+--------------------------------------------------------+
; data_width     ; 32    ; Signed Integer                                         ;
+----------------+-------+--------------------------------------------------------+
Note: In order to hide this table in the UI and the text report file, please set the "Show Parameter Settings in Synthesis Report" option in "Analysis and Synthesis Settings -> More Settings" to "Off".


+-----------------------------------------------------------------------------------------+
; Parameter Settings for User Entity Instance: PO:Operativa|Block_muxes_reg:Bloco_mux_reg ;
+----------------+-------+----------------------------------------------------------------+
; Parameter Name ; Value ; Type                                                           ;
+----------------+-------+----------------------------------------------------------------+
; data_width     ; 32    ; Signed Integer                                                 ;
+----------------+-------+----------------------------------------------------------------+
Note: In order to hide this table in the UI and the text report file, please set the "Show Parameter Settings in Synthesis Report" option in "Analysis and Synthesis Settings -> More Settings" to "Off".


+---------------------------------------------------------------------------+
; Parameter Settings for User Entity Instance: PO:Operativa|AddRoundKey:Add ;
+----------------+-------+--------------------------------------------------+
; Parameter Name ; Value ; Type                                             ;
+----------------+-------+--------------------------------------------------+
; data_width     ; 32    ; Signed Integer                                   ;
+----------------+-------+--------------------------------------------------+
Note: In order to hide this table in the UI and the text report file, please set the "Show Parameter Settings in Synthesis Report" option in "Analysis and Synthesis Settings -> More Settings" to "Off".


+-----------------------------------------------------------------------------------------------------------------+
; Port Connectivity Checks: "PC:Controle"                                                                         ;
+-------+--------+----------+-------------------------------------------------------------------------------------+
; Port  ; Type   ; Severity ; Details                                                                             ;
+-------+--------+----------+-------------------------------------------------------------------------------------+
; ready ; Output ; Info     ; Connected to dangling logic. Logic that only feeds a dangling port will be removed. ;
+-------+--------+----------+-------------------------------------------------------------------------------------+


+-------------------------------+
; Elapsed Time Per Partition    ;
+----------------+--------------+
; Partition Name ; Elapsed Time ;
+----------------+--------------+
; Top            ; 00:00:40     ;
+----------------+--------------+


+-------------------------------+
; Analysis & Synthesis Messages ;
+-------------------------------+
Info: *******************************************************************
Info: Running Quartus II 64-Bit Analysis & Synthesis
    Info: Version 13.0.0 Build 156 04/24/2013 SJ Web Edition
    Info: Processing started: Fri Nov 22 13:22:30 2019
Info: Command: quartus_map --read_settings_files=on --write_settings_files=off AES -c AES
Warning (20028): Parallel compilation is not licensed and has been disabled
Info (12021): Found 2 design units, including 1 entities, in source file aes.vhd
    Info (12022): Found design unit 1: AES-rtl
    Info (12023): Found entity 1: AES
Info (12021): Found 2 design units, including 1 entities, in source file addroundkey.vhd
    Info (12022): Found design unit 1: AddRoundKey-rtl
    Info (12023): Found entity 1: AddRoundKey
Info (12021): Found 2 design units, including 1 entities, in source file sbox.vhd
    Info (12022): Found design unit 1: SBox-rtl
    Info (12023): Found entity 1: SBox
Info (12021): Found 2 design units, including 1 entities, in source file pc.vhd
    Info (12022): Found design unit 1: PC-rtl
    Info (12023): Found entity 1: PC
Info (12021): Found 2 design units, including 1 entities, in source file po.vhd
    Info (12022): Found design unit 1: PO-rtl
    Info (12023): Found entity 1: PO
Info (12021): Found 2 design units, including 1 entities, in source file mixcolumn.vhd
    Info (12022): Found design unit 1: MixColumn-rtl
    Info (12023): Found entity 1: MixColumn
Info (12021): Found 2 design units, including 1 entities, in source file mixcolumns.vhd
    Info (12022): Found design unit 1: MixColumns-rtl
    Info (12023): Found entity 1: MixColumns
Info (12021): Found 2 design units, including 1 entities, in source file regs_8b.vhd
    Info (12022): Found design unit 1: Regs_8b-rtl
    Info (12023): Found entity 1: Regs_8b
Info (12021): Found 2 design units, including 1 entities, in source file regs_32b.vhd
    Info (12022): Found design unit 1: Regs_32b-rtl
    Info (12023): Found entity 1: Regs_32b
Info (12021): Found 2 design units, including 1 entities, in source file block_muxes_reg.vhd
    Info (12022): Found design unit 1: Block_muxes_reg-rtl
    Info (12023): Found entity 1: Block_muxes_reg
Info (12021): Found 2 design units, including 1 entities, in source file contadorrodadas.vhd
    Info (12022): Found design unit 1: contadorRodadas-rtl
    Info (12023): Found entity 1: contadorRodadas
Info (12021): Found 2 design units, including 1 entities, in source file mixcolumns2.vhd
    Info (12022): Found design unit 1: MixColumns2-Behavioral
    Info (12023): Found entity 1: MixColumns2
Info (12021): Found 2 design units, including 1 entities, in source file geradorkey.vhd
    Info (12022): Found design unit 1: geradorKey-rtl
    Info (12023): Found entity 1: geradorKey
Info (12021): Found 2 design units, including 1 entities, in source file rcom.vhd
    Info (12022): Found design unit 1: Rcom-rtl
    Info (12023): Found entity 1: Rcom
Info (12021): Found 2 design units, including 1 entities, in source file sbox_key.vhd
    Info (12022): Found design unit 1: SBox_key-rtl
    Info (12023): Found entity 1: SBox_key
Info (12021): Found 2 design units, including 1 entities, in source file mux2_1.vhd
    Info (12022): Found design unit 1: Mux2_1-rtl
    Info (12023): Found entity 1: Mux2_1
Info (12021): Found 2 design units, including 1 entities, in source file tb_aes.vhd
    Info (12022): Found design unit 1: tb_AES-rtl
    Info (12023): Found entity 1: tb_AES
Info (12127): Elaborating entity "AES" for the top level hierarchy
Warning (10036): Verilog HDL or VHDL warning at AES.vhd(22): object "general_ready" assigned a value but never read
Info (12128): Elaborating entity "PC" for hierarchy "PC:Controle"
Info (12128): Elaborating entity "PO" for hierarchy "PO:Operativa"
Info (12128): Elaborating entity "Mux2_1" for hierarchy "PO:Operativa|Mux2_1:Mux2p1"
Info (12128): Elaborating entity "geradorKey" for hierarchy "PO:Operativa|geradorKey:Gerador_Key"
Info (12128): Elaborating entity "SBox_key" for hierarchy "PO:Operativa|geradorKey:Gerador_Key|SBox_key:sbox_top"
Info (12128): Elaborating entity "Rcom" for hierarchy "PO:Operativa|geradorKey:Gerador_Key|Rcom:z1"
Info (12128): Elaborating entity "AddRoundKey" for hierarchy "PO:Operativa|AddRoundKey:Add_initial"
Info (12128): Elaborating entity "Regs_8b" for hierarchy "PO:Operativa|Regs_8b:Regs_input"
Info (12128): Elaborating entity "SBox" for hierarchy "PO:Operativa|SBox:S_Box"
Info (12128): Elaborating entity "Regs_32b" for hierarchy "PO:Operativa|Regs_32b:Regs_columns"
Info (12128): Elaborating entity "MixColumns2" for hierarchy "PO:Operativa|MixColumns2:Mix_columns"
Info (12128): Elaborating entity "Block_muxes_reg" for hierarchy "PO:Operativa|Block_muxes_reg:Bloco_mux_reg"
Info (12128): Elaborating entity "contadorRodadas" for hierarchy "contadorRodadas:Contador"
Info (286030): Timing-Driven Synthesis is running
Info (17049): 1 registers lost all their fanouts during netlist optimizations.
Info (21057): Implemented 5778 device resources after synthesis - the final resource count might be different
    Info (21058): Implemented 258 input pins
    Info (21059): Implemented 128 output pins
    Info (21061): Implemented 5392 logic cells
Info: Quartus II 64-Bit Analysis & Synthesis was successful. 0 errors, 2 warnings
    Info: Peak virtual memory: 4669 megabytes
    Info: Processing ended: Fri Nov 22 13:23:11 2019
    Info: Elapsed time: 00:00:41
    Info: Total CPU time (on all processors): 00:00:42


